<?xml version="1.0" encoding="UTF-8"?>
<testsuite xmlns:xsi="http://www.w3.org/2001/XMLSchema-instance" xsi:noNamespaceSchemaLocation="https://maven.apache.org/surefire/maven-surefire-plugin/xsd/surefire-test-report.xsd" name="com.gdhengdian.auth.service.AuthServiceTest" time="0.064" tests="5" errors="0" skipped="0" failures="0">
  <properties>
[...]
</properties>
  <testcase name="accredit" classname="com.gdhengdian.auth.service.AuthServiceTest" time="0.008"/>
  <testcase name="logout" classname="com.gdhengdian.auth.service.AuthServiceTest" time="0.003"/>
  <testcase name="saveUserTokens" classname="com.gdhengdian.auth.service.AuthServiceTest" time="0.005"/>
  <testcase name="resetPassword" classname="com.gdhengdian.auth.service.AuthServiceTest" time="0.018"/>
  <testcase name="login" classname="com.gdhengdian.auth.service.AuthServiceTest" time="0.003"/>
</testsuite>